<?xml version="1.0" encoding="UTF-8"?>
<!-- Generated by org.testng.reporters.JUnitXMLReporter -->
<testsuite ignored="2" hostname="LTPCHE032428425" failures="2" tests="2" name="Test" time="25.53" errors="0" timestamp="2024-04-15T21:31:28 IST">
  <testcase classname="com.fedex.testscenarios.ModuleValidation" name="TC_01" time="0.044">
    <failure type="java.lang.NullPointerException">
      <![CDATA[java.lang.NullPointerException
at java.base/java.util.Objects.requireNonNull(Objects.java:221)
at org.openqa.selenium.interactions.Actions.<init>(Actions.java:65)
at com.fedex.dsmapplicationmethods.ApplicationMethods.validateInputtag(ApplicationMethods.java:16)
at com.fedex.testscenarios.ModuleValidation.TC_01(ModuleValidation.java:43)
at java.base/java.util.concurrent.ThreadPoolExecutor.runWorker(ThreadPoolExecutor.java:1128)
at java.base/java.util.concurrent.ThreadPoolExecutor$Worker.run(ThreadPoolExecutor.java:628)
at java.base/java.lang.Thread.run(Thread.java:829)
... Removed 12 stack frames]]>
    </failure>
  </testcase> <!-- TC_01 -->
  <testcase classname="com.fedex.testscenarios.AssignleaveValidation" name="TC_01" time="0.001">
    <failure type="java.lang.NullPointerException">
      <![CDATA[java.lang.NullPointerException
at java.base/java.util.Objects.requireNonNull(Objects.java:221)
at org.openqa.selenium.interactions.Actions.<init>(Actions.java:65)
at com.fedex.dsmapplicationmethods.ApplicationMethods.validateInputtag(ApplicationMethods.java:16)
at com.fedex.testscenarios.AssignleaveValidation.TC_01(AssignleaveValidation.java:38)
at java.base/java.util.concurrent.ThreadPoolExecutor.runWorker(ThreadPoolExecutor.java:1128)
at java.base/java.util.concurrent.ThreadPoolExecutor$Worker.run(ThreadPoolExecutor.java:628)
at java.base/java.lang.Thread.run(Thread.java:829)
... Removed 12 stack frames]]>
    </failure>
  </testcase> <!-- TC_01 -->
  <testcase classname="com.fedex.testscenarios.ModuleValidation" name="TC_02" time="0.0">
    <ignored/>
  </testcase> <!-- TC_02 -->
  <testcase classname="com.fedex.testscenarios.BaseTest" name="@AfterTest finalZip" time="0.0">
    <ignored/>
  </testcase> <!-- @AfterTest finalZip -->
</testsuite> <!-- Test -->
